10:13:36.111 [main] INFO  c.field.typhoondownload.Application - Starting Application on WIN-ICV9N06V77E with PID 2316 (E:\workspace\typhoon-download\out\production\classes started by Administrator in E:\workspace\typhoon-download)
10:13:36.114 [main] INFO  c.field.typhoondownload.Application - No active profile set, falling back to default profiles: default
10:13:37.351 [main] INFO  o.s.b.w.e.tomcat.TomcatWebServer - Tomcat initialized with port(s): 8080 (http)
10:13:37.365 [main] INFO  o.a.coyote.http11.Http11NioProtocol - Initializing ProtocolHandler ["http-nio-8080"]
10:13:37.374 [main] INFO  o.a.catalina.core.StandardService - Starting service [Tomcat]
10:13:37.375 [main] INFO  o.a.catalina.core.StandardEngine - Starting Servlet engine: [Apache Tomcat/9.0.16]
10:13:37.392 [main] INFO  o.a.c.core.AprLifecycleListener - An older version [1.2.17] of the APR based Apache Tomcat Native library is installed, while Tomcat recommends a minimum version of [1.2.21]
10:13:37.393 [main] INFO  o.a.c.core.AprLifecycleListener - Loaded APR based Apache Tomcat Native library [1.2.17] using APR version [1.6.3].
10:13:37.393 [main] INFO  o.a.c.core.AprLifecycleListener - APR capabilities: IPv6 [true], sendfile [true], accept filters [false], random [true].
10:13:37.393 [main] INFO  o.a.c.core.AprLifecycleListener - APR/OpenSSL configuration: useAprConnector [false], useOpenSSL [true]
10:13:38.447 [main] INFO  o.a.c.core.AprLifecycleListener - OpenSSL successfully initialized [OpenSSL 1.0.2o  27 Mar 2018]
10:13:38.544 [main] INFO  o.a.c.c.C.[Tomcat].[localhost].[/] - Initializing Spring embedded WebApplicationContext
10:13:38.544 [main] INFO  o.s.web.context.ContextLoader - Root WebApplicationContext: initialization completed in 2369 ms
10:13:38.775 [main] INFO  o.s.s.c.ThreadPoolTaskExecutor - Initializing ExecutorService 'applicationTaskExecutor'
10:13:38.893 [main] INFO  o.s.s.c.ThreadPoolTaskScheduler - Initializing ExecutorService 'taskScheduler'
10:13:38.926 [main] INFO  o.a.coyote.http11.Http11NioProtocol - Starting ProtocolHandler ["http-nio-8080"]
10:13:38.953 [main] INFO  o.s.b.w.e.tomcat.TomcatWebServer - Tomcat started on port(s): 8080 (http) with context path ''
10:13:38.956 [main] INFO  c.field.typhoondownload.Application - Started Application in 3.553 seconds (JVM running for 5.318)
10:17:13.306 [main] INFO  c.field.typhoondownload.Application - Starting Application on WIN-ICV9N06V77E with PID 13528 (E:\workspace\typhoon-download\out\production\classes started by Administrator in E:\workspace\typhoon-download)
10:17:13.310 [main] INFO  c.field.typhoondownload.Application - No active profile set, falling back to default profiles: default
10:17:14.353 [main] INFO  o.s.b.w.e.tomcat.TomcatWebServer - Tomcat initialized with port(s): 8080 (http)
10:17:14.366 [main] INFO  o.a.coyote.http11.Http11NioProtocol - Initializing ProtocolHandler ["http-nio-8080"]
10:17:14.373 [main] INFO  o.a.catalina.core.StandardService - Starting service [Tomcat]
10:17:14.374 [main] INFO  o.a.catalina.core.StandardEngine - Starting Servlet engine: [Apache Tomcat/9.0.16]
10:17:14.379 [main] INFO  o.a.c.core.AprLifecycleListener - An older version [1.2.17] of the APR based Apache Tomcat Native library is installed, while Tomcat recommends a minimum version of [1.2.21]
10:17:14.380 [main] INFO  o.a.c.core.AprLifecycleListener - Loaded APR based Apache Tomcat Native library [1.2.17] using APR version [1.6.3].
10:17:14.380 [main] INFO  o.a.c.core.AprLifecycleListener - APR capabilities: IPv6 [true], sendfile [true], accept filters [false], random [true].
10:17:14.380 [main] INFO  o.a.c.core.AprLifecycleListener - APR/OpenSSL configuration: useAprConnector [false], useOpenSSL [true]
10:17:15.426 [main] INFO  o.a.c.core.AprLifecycleListener - OpenSSL successfully initialized [OpenSSL 1.0.2o  27 Mar 2018]
10:17:15.556 [main] INFO  o.a.c.c.C.[Tomcat].[localhost].[/] - Initializing Spring embedded WebApplicationContext
10:17:15.556 [main] INFO  o.s.web.context.ContextLoader - Root WebApplicationContext: initialization completed in 2108 ms
10:17:15.854 [main] INFO  o.s.s.c.ThreadPoolTaskExecutor - Initializing ExecutorService 'applicationTaskExecutor'
10:17:16.041 [main] INFO  o.s.s.c.ThreadPoolTaskScheduler - Initializing ExecutorService 'taskScheduler'
10:17:16.086 [main] INFO  o.a.coyote.http11.Http11NioProtocol - Starting ProtocolHandler ["http-nio-8080"]
10:17:16.119 [main] INFO  o.s.b.w.e.tomcat.TomcatWebServer - Tomcat started on port(s): 8080 (http) with context path ''
10:17:16.124 [main] INFO  c.field.typhoondownload.Application - Started Application in 3.642 seconds (JVM running for 4.997)
