15:32:39.262 [main] INFO  c.field.typhoondownload.Application - Starting Application on WIN-ICV9N06V77E with PID 13228 (E:\workspace\typhoon-download\out\production\classes started by Administrator in E:\workspace\tp1)
15:32:39.262 [main] INFO  c.field.typhoondownload.Application - No active profile set, falling back to default profiles: default
15:32:40.392 [main] INFO  o.s.b.w.e.tomcat.TomcatWebServer - Tomcat initialized with port(s): 8080 (http)
15:32:40.412 [main] INFO  o.a.coyote.http11.Http11NioProtocol - Initializing ProtocolHandler ["http-nio-8080"]
15:32:40.425 [main] INFO  o.a.catalina.core.StandardService - Starting service [Tomcat]
15:32:40.426 [main] INFO  o.a.catalina.core.StandardEngine - Starting Servlet engine: [Apache Tomcat/9.0.17]
15:32:40.432 [main] INFO  o.a.c.core.AprLifecycleListener - An older version [1.2.17] of the APR based Apache Tomcat Native library is installed, while Tomcat recommends a minimum version of [1.2.21]
15:32:40.432 [main] INFO  o.a.c.core.AprLifecycleListener - Loaded APR based Apache Tomcat Native library [1.2.17] using APR version [1.6.3].
15:32:40.432 [main] INFO  o.a.c.core.AprLifecycleListener - APR capabilities: IPv6 [true], sendfile [true], accept filters [false], random [true].
15:32:40.432 [main] INFO  o.a.c.core.AprLifecycleListener - APR/OpenSSL configuration: useAprConnector [false], useOpenSSL [true]
15:32:41.567 [main] INFO  o.a.c.core.AprLifecycleListener - OpenSSL successfully initialized [OpenSSL 1.0.2o  27 Mar 2018]
15:32:41.960 [main] INFO  o.a.c.c.C.[Tomcat].[localhost].[/] - Initializing Spring embedded WebApplicationContext
15:32:41.961 [main] INFO  o.s.web.context.ContextLoader - Root WebApplicationContext: initialization completed in 2610 ms
15:32:42.484 [main] INFO  o.s.s.c.ThreadPoolTaskExecutor - Initializing ExecutorService 'applicationTaskExecutor'
15:32:42.604 [main] INFO  o.s.s.c.ThreadPoolTaskScheduler - Initializing ExecutorService 'taskScheduler'
15:32:42.638 [main] INFO  o.a.coyote.http11.Http11NioProtocol - Starting ProtocolHandler ["http-nio-8080"]
15:32:42.664 [main] INFO  o.s.b.w.e.tomcat.TomcatWebServer - Tomcat started on port(s): 8080 (http) with context path ''
15:32:42.664 [main] INFO  c.field.typhoondownload.Application - Started Application in 5.884 seconds (JVM running for 7.302)
15:37:20.841 [main] INFO  c.field.typhoondownload.Application - Starting Application on WIN-ICV9N06V77E with PID 11912 (E:\workspace\typhoon-download\out\production\classes started by Administrator in E:\workspace\tp1)
15:37:20.845 [main] INFO  c.field.typhoondownload.Application - No active profile set, falling back to default profiles: default
15:37:22.745 [main] INFO  o.s.b.w.e.tomcat.TomcatWebServer - Tomcat initialized with port(s): 8080 (http)
15:37:22.759 [main] INFO  o.a.coyote.http11.Http11NioProtocol - Initializing ProtocolHandler ["http-nio-8080"]
15:37:22.769 [main] INFO  o.a.catalina.core.StandardService - Starting service [Tomcat]
15:37:22.769 [main] INFO  o.a.catalina.core.StandardEngine - Starting Servlet engine: [Apache Tomcat/9.0.17]
15:37:22.776 [main] INFO  o.a.c.core.AprLifecycleListener - An older version [1.2.17] of the APR based Apache Tomcat Native library is installed, while Tomcat recommends a minimum version of [1.2.21]
15:37:22.776 [main] INFO  o.a.c.core.AprLifecycleListener - Loaded APR based Apache Tomcat Native library [1.2.17] using APR version [1.6.3].
15:37:22.777 [main] INFO  o.a.c.core.AprLifecycleListener - APR capabilities: IPv6 [true], sendfile [true], accept filters [false], random [true].
15:37:22.777 [main] INFO  o.a.c.core.AprLifecycleListener - APR/OpenSSL configuration: useAprConnector [false], useOpenSSL [true]
15:37:23.821 [main] INFO  o.a.c.core.AprLifecycleListener - OpenSSL successfully initialized [OpenSSL 1.0.2o  27 Mar 2018]
15:37:23.933 [main] INFO  o.a.c.c.C.[Tomcat].[localhost].[/] - Initializing Spring embedded WebApplicationContext
15:37:23.934 [main] INFO  o.s.web.context.ContextLoader - Root WebApplicationContext: initialization completed in 2850 ms
15:37:24.293 [main] INFO  o.s.s.c.ThreadPoolTaskExecutor - Initializing ExecutorService 'applicationTaskExecutor'
15:37:24.416 [main] INFO  o.s.s.c.ThreadPoolTaskScheduler - Initializing ExecutorService 'taskScheduler'
15:37:24.451 [main] INFO  o.a.coyote.http11.Http11NioProtocol - Starting ProtocolHandler ["http-nio-8080"]
15:37:24.493 [main] INFO  o.s.b.w.e.tomcat.TomcatWebServer - Tomcat started on port(s): 8080 (http) with context path ''
15:37:24.500 [main] INFO  c.field.typhoondownload.Application - Started Application in 4.551 seconds (JVM running for 6.171)
